[1/13] Performing build step for 'bootloader'
[1/1] cmd.exe /C "cd /D D:\99.project_jaar_3_code\Firmware\build\bootloader\esp-idf\esptool_py && C:\Espressif\python_env\idf4.4_py3.10_env\Scripts\python.exe C:/Espressif/frameworks/esp-idf-v4.4/components/partition_table/check_sizes.py --offset 0x8000 bootloader 0x1000 D:/99.project_jaar_3_code/Firmware/build/bootloader/bootloader.bin"
Bootloader binary size 0x62b0 bytes. 0xd50 bytes (12%) free.
[2/11] Building CXX object esp-idf/main/CMakeFiles/__idf_main.dir/app/Wifi/wifi.cpp.obj
FAILED: esp-idf/main/CMakeFiles/__idf_main.dir/app/Wifi/wifi.cpp.obj 
ccache C:\Espressif\tools\xtensa-esp32-elf\esp-2021r2-patch2-8.4.0\xtensa-esp32-elf\bin\xtensa-esp32-elf-g++.exe -DHAVE_CONFIG_H -DMBEDTLS_CONFIG_FILE=\"mbedtls/esp_config.h\" -DUNITY_INCLUDE_CONFIG_H -DWITH_POSIX -Iconfig -I../main/app -I../main/app/sensors -I../main/app/sensors/impl -I../main/app/Wifi -I../main/app/sdcard -IC:/Espressif/frameworks/esp-idf-v4.4/components/newlib/platform_include -IC:/Espressif/frameworks/esp-idf-v4.4/components/freertos/include -IC:/Espressif/frameworks/esp-idf-v4.4/components/freertos/include/esp_additions/freertos -IC:/Espressif/frameworks/esp-idf-v4.4/components/freertos/port/xtensa/include -IC:/Espressif/frameworks/esp-idf-v4.4/components/freertos/include/esp_additions -IC:/Espressif/frameworks/esp-idf-v4.4/components/esp_hw_support/include -IC:/Espressif/frameworks/esp-idf-v4.4/components/esp_hw_support/include/soc -IC:/Espressif/frameworks/esp-idf-v4.4/components/esp_hw_support/include/soc/esp32 -IC:/Espressif/frameworks/esp-idf-v4.4/components/esp_hw_support/port/esp32/. -IC:/Espressif/frameworks/esp-idf-v4.4/components/heap/include -IC:/Espressif/frameworks/esp-idf-v4.4/components/log/include -IC:/Espressif/frameworks/esp-idf-v4.4/components/lwip/include/apps -IC:/Espressif/frameworks/esp-idf-v4.4/components/lwip/include/apps/sntp -IC:/Espressif/frameworks/esp-idf-v4.4/components/lwip/lwip/src/include -IC:/Espressif/frameworks/esp-idf-v4.4/components/lwip/port/esp32/include -IC:/Espressif/frameworks/esp-idf-v4.4/components/lwip/port/esp32/include/arch -IC:/Espressif/frameworks/esp-idf-v4.4/components/soc/include -IC:/Espressif/frameworks/esp-idf-v4.4/components/soc/esp32/. -IC:/Espressif/frameworks/esp-idf-v4.4/components/soc/esp32/include -IC:/Espressif/frameworks/esp-idf-v4.4/components/hal/esp32/include -IC:/Espressif/frameworks/esp-idf-v4.4/components/hal/include -IC:/Espressif/frameworks/esp-idf-v4.4/components/hal/platform_port/include -IC:/Espressif/frameworks/esp-idf-v4.4/components/esp_rom/include -IC:/Espressif/frameworks/esp-idf-v4.4/components/esp_rom/include/esp32 -IC:/Espressif/frameworks/esp-idf-v4.4/components/esp_rom/esp32 -IC:/Espressif/frameworks/esp-idf-v4.4/components/esp_common/include -IC:/Espressif/frameworks/esp-idf-v4.4/components/esp_system/include -IC:/Espressif/frameworks/esp-idf-v4.4/components/esp_system/port/soc -IC:/Espressif/frameworks/esp-idf-v4.4/components/esp_system/port/public_compat -IC:/Espressif/frameworks/esp-idf-v4.4/components/esp32/include -IC:/Espressif/frameworks/esp-idf-v4.4/components/xtensa/include -IC:/Espressif/frameworks/esp-idf-v4.4/components/xtensa/esp32/include -IC:/Espressif/frameworks/esp-idf-v4.4/components/driver/include -IC:/Espressif/frameworks/esp-idf-v4.4/components/driver/esp32/include -IC:/Espressif/frameworks/esp-idf-v4.4/components/esp_pm/include -IC:/Espressif/frameworks/esp-idf-v4.4/components/esp_ringbuf/include -IC:/Espressif/frameworks/esp-idf-v4.4/components/efuse/include -IC:/Espressif/frameworks/esp-idf-v4.4/components/efuse/esp32/include -IC:/Espressif/frameworks/esp-idf-v4.4/components/vfs/include -IC:/Espressif/frameworks/esp-idf-v4.4/components/esp_wifi/include -IC:/Espressif/frameworks/esp-idf-v4.4/components/esp_event/include -IC:/Espressif/frameworks/esp-idf-v4.4/components/esp_netif/include -IC:/Espressif/frameworks/esp-idf-v4.4/components/esp_eth/include -IC:/Espressif/frameworks/esp-idf-v4.4/components/tcpip_adapter/include -IC:/Espressif/frameworks/esp-idf-v4.4/components/esp_phy/include -IC:/Espressif/frameworks/esp-idf-v4.4/components/esp_phy/esp32/include -IC:/Espressif/frameworks/esp-idf-v4.4/components/esp_ipc/include -IC:/Espressif/frameworks/esp-idf-v4.4/components/app_trace/include -IC:/Espressif/frameworks/esp-idf-v4.4/components/esp_timer/include -IC:/Espressif/frameworks/esp-idf-v4.4/components/mbedtls/port/include -IC:/Espressif/frameworks/esp-idf-v4.4/components/mbedtls/mbedtls/include -IC:/Espressif/frameworks/esp-idf-v4.4/components/mbedtls/esp_crt_bundle/include -IC:/Espressif/frameworks/esp-idf-v4.4/components/app_update/include -IC:/Espressif/frameworks/esp-idf-v4.4/components/spi_flash/include -IC:/Espressif/frameworks/esp-idf-v4.4/components/bootloader_support/include -IC:/Espressif/frameworks/esp-idf-v4.4/components/nvs_flash/include -IC:/Espressif/frameworks/esp-idf-v4.4/components/pthread/include -IC:/Espressif/frameworks/esp-idf-v4.4/components/esp_gdbstub/include -IC:/Espressif/frameworks/esp-idf-v4.4/components/esp_gdbstub/xtensa -IC:/Espressif/frameworks/esp-idf-v4.4/components/esp_gdbstub/esp32 -IC:/Espressif/frameworks/esp-idf-v4.4/components/espcoredump/include -IC:/Espressif/frameworks/esp-idf-v4.4/components/espcoredump/include/port/xtensa -IC:/Espressif/frameworks/esp-idf-v4.4/components/wpa_supplicant/include -IC:/Espressif/frameworks/esp-idf-v4.4/components/wpa_supplicant/port/include -IC:/Espressif/frameworks/esp-idf-v4.4/components/wpa_supplicant/esp_supplicant/include -IC:/Espressif/frameworks/esp-idf-v4.4/components/ieee802154/include -IC:/Espressif/frameworks/esp-idf-v4.4/components/console -IC:/Espressif/frameworks/esp-idf-v4.4/components/asio/asio/asio/include -IC:/Espressif/frameworks/esp-idf-v4.4/components/asio/port/include -IC:/Espressif/frameworks/esp-idf-v4.4/components/cbor/port/include -IC:/Espressif/frameworks/esp-idf-v4.4/components/unity/include -IC:/Espressif/frameworks/esp-idf-v4.4/components/unity/unity/src -IC:/Espressif/frameworks/esp-idf-v4.4/components/cmock/CMock/src -IC:/Espressif/frameworks/esp-idf-v4.4/components/coap/port/include -IC:/Espressif/frameworks/esp-idf-v4.4/components/coap/libcoap/include -IC:/Espressif/frameworks/esp-idf-v4.4/components/nghttp/port/include -IC:/Espressif/frameworks/esp-idf-v4.4/components/nghttp/nghttp2/lib/includes -IC:/Espressif/frameworks/esp-idf-v4.4/components/esp-tls -IC:/Espressif/frameworks/esp-idf-v4.4/components/esp-tls/esp-tls-crypto -IC:/Espressif/frameworks/esp-idf-v4.4/components/esp_adc_cal/include -IC:/Espressif/frameworks/esp-idf-v4.4/components/esp_hid/include -IC:/Espressif/frameworks/esp-idf-v4.4/components/tcp_transport/include -IC:/Espressif/frameworks/esp-idf-v4.4/components/esp_http_client/include -IC:/Espressif/frameworks/esp-idf-v4.4/components/esp_http_server/include -IC:/Espressif/frameworks/esp-idf-v4.4/components/esp_https_ota/include -IC:/Espressif/frameworks/esp-idf-v4.4/components/esp_lcd/include -IC:/Espressif/frameworks/esp-idf-v4.4/components/esp_lcd/interface -IC:/Espressif/frameworks/esp-idf-v4.4/components/protobuf-c/protobuf-c -IC:/Espressif/frameworks/esp-idf-v4.4/components/protocomm/include/common -IC:/Espressif/frameworks/esp-idf-v4.4/components/protocomm/include/security -IC:/Espressif/frameworks/esp-idf-v4.4/components/protocomm/include/transports -IC:/Espressif/frameworks/esp-idf-v4.4/components/mdns/include -IC:/Espressif/frameworks/esp-idf-v4.4/components/esp_local_ctrl/include -IC:/Espressif/frameworks/esp-idf-v4.4/components/sdmmc/include -IC:/Espressif/frameworks/esp-idf-v4.4/components/esp_serial_slave_link/include -IC:/Espressif/frameworks/esp-idf-v4.4/components/esp_websocket_client/include -IC:/Espressif/frameworks/esp-idf-v4.4/components/expat/expat/expat/lib -IC:/Espressif/frameworks/esp-idf-v4.4/components/expat/port/include -IC:/Espressif/frameworks/esp-idf-v4.4/components/wear_levelling/include -IC:/Espressif/frameworks/esp-idf-v4.4/components/fatfs/diskio -IC:/Espressif/frameworks/esp-idf-v4.4/components/fatfs/vfs -IC:/Espressif/frameworks/esp-idf-v4.4/components/fatfs/src -IC:/Espressif/frameworks/esp-idf-v4.4/components/freemodbus/common/include -IC:/Espressif/frameworks/esp-idf-v4.4/components/idf_test/include -IC:/Espressif/frameworks/esp-idf-v4.4/components/idf_test/include/esp32 -IC:/Espressif/frameworks/esp-idf-v4.4/components/jsmn/include -IC:/Espressif/frameworks/esp-idf-v4.4/components/json/cJSON -IC:/Espressif/frameworks/esp-idf-v4.4/components/libsodium/libsodium/src/libsodium/include -IC:/Espressif/frameworks/esp-idf-v4.4/components/libsodium/port_include -IC:/Espressif/frameworks/esp-idf-v4.4/components/mqtt/esp-mqtt/include -IC:/Espressif/frameworks/esp-idf-v4.4/components/openssl/include -IC:/Espressif/frameworks/esp-idf-v4.4/components/perfmon/include -IC:/Espressif/frameworks/esp-idf-v4.4/components/spiffs/include -IC:/Espressif/frameworks/esp-idf-v4.4/components/ulp/include -IC:/Espressif/frameworks/esp-idf-v4.4/components/wifi_provisioning/include -I../components/arduino/variants/esp32 -I../components/arduino/cores/esp32 -I../components/arduino/libraries/ArduinoOTA/src -I../components/arduino/libraries/AsyncUDP/src -I../components/arduino/libraries/BLE/src -I../components/arduino/libraries/BluetoothSerial/src -I../components/arduino/libraries/DNSServer/src -I../components/arduino/libraries/EEPROM/src -I../components/arduino/libraries/ESP32/src -I../components/arduino/libraries/ESPmDNS/src -I../components/arduino/libraries/Ethernet/src -I../components/arduino/libraries/FFat/src -I../components/arduino/libraries/FS/src -I../components/arduino/libraries/HTTPClient/src -I../components/arduino/libraries/HTTPUpdate/src -I../components/arduino/libraries/LittleFS/src -I../components/arduino/libraries/I2S/src -I../components/arduino/libraries/NetBIOS/src -I../components/arduino/libraries/Preferences/src -I../components/arduino/libraries/RainMaker/src -I../components/arduino/libraries/SD_MMC/src -I../components/arduino/libraries/SD/src -I../components/arduino/libraries/SimpleBLE/src -I../components/arduino/libraries/SPIFFS/src -I../components/arduino/libraries/SPI/src -I../components/arduino/libraries/Ticker/src -I../components/arduino/libraries/Update/src -I../components/arduino/libraries/USB/src -I../components/arduino/libraries/WebServer/src -I../components/arduino/libraries/WiFiClientSecure/src -I../components/arduino/libraries/WiFi/src -I../components/arduino/libraries/WiFiProv/src -I../components/arduino/libraries/Wire/src -I../components/adafruit_busio -I../components/adafruit_as726x -I../components/adafruit_gfx_library -I../components/adafruit_pm25aqi -I../components/adafruit_sensor -I../components/adafruit_ssd1306 -I../components/adafruit_scd30 -I../components/adafruit_tsl2591 -mlongcalls -Wno-frame-address -ffunction-sections -fdata-sections -Wall -Werror=all -Wno-error=unused-function -Wno-error=unused-variable -Wno-error=deprecated-declarations -Wextra -Wno-unused-parameter -Wno-sign-compare -ggdb -Og -fmacro-prefix-map=D:/99.project_jaar_3_code/Firmware=. -fmacro-prefix-map=C:/Espressif/frameworks/esp-idf-v4.4=IDF -fstrict-volatile-bitfields -Wno-error=unused-but-set-variable -fno-jump-tables -fno-tree-switch-conversion -std=gnu++11 -fno-exceptions -fno-rtti -D_GNU_SOURCE -DIDF_VER=\"v4.4\" -DESP_PLATFORM -D_POSIX_READER_WRITER_LOCKS -DARDUINO=10812 -DARDUINO_ESP32_DEV -DARDUINO_ARCH_ESP32 -DARDUINO_BOARD=\"ESP32_DEV\" -DARDUINO_VARIANT=\"esp32\" -DESP32 -MD -MT esp-idf/main/CMakeFiles/__idf_main.dir/app/Wifi/wifi.cpp.obj -MF esp-idf\main\CMakeFiles\__idf_main.dir\app\Wifi\wifi.cpp.obj.d -o esp-idf/main/CMakeFiles/__idf_main.dir/app/Wifi/wifi.cpp.obj -c ../main/app/Wifi/wifi.cpp
../main/app/Wifi/wifi.cpp: In member function 'void CWifi::mInitWifi(const WifiCredentials&)':
../main/app/Wifi/wifi.cpp:16:56: error: exception handling disabled, use -fexceptions to enable
         throw std::runtime_error(esp_err_to_name(error));   \
                                                        ^
../main/app/Wifi/wifi.cpp:47:5: note: in expansion of macro 'WIFI_THROW_ON_ERROR'
     WIFI_THROW_ON_ERROR(esp_netif_init());
     ^~~~~~~~~~~~~~~~~~~
[3/11] Building CXX object esp-idf/main/CMakeFiles/__idf_main.dir/app/sdcard/file.cpp.obj
FAILED: esp-idf/main/CMakeFiles/__idf_main.dir/app/sdcard/file.cpp.obj 
ccache C:\Espressif\tools\xtensa-esp32-elf\esp-2021r2-patch2-8.4.0\xtensa-esp32-elf\bin\xtensa-esp32-elf-g++.exe -DHAVE_CONFIG_H -DMBEDTLS_CONFIG_FILE=\"mbedtls/esp_config.h\" -DUNITY_INCLUDE_CONFIG_H -DWITH_POSIX -Iconfig -I../main/app -I../main/app/sensors -I../main/app/sensors/impl -I../main/app/Wifi -I../main/app/sdcard -IC:/Espressif/frameworks/esp-idf-v4.4/components/newlib/platform_include -IC:/Espressif/frameworks/esp-idf-v4.4/components/freertos/include -IC:/Espressif/frameworks/esp-idf-v4.4/components/freertos/include/esp_additions/freertos -IC:/Espressif/frameworks/esp-idf-v4.4/components/freertos/port/xtensa/include -IC:/Espressif/frameworks/esp-idf-v4.4/components/freertos/include/esp_additions -IC:/Espressif/frameworks/esp-idf-v4.4/components/esp_hw_support/include -IC:/Espressif/frameworks/esp-idf-v4.4/components/esp_hw_support/include/soc -IC:/Espressif/frameworks/esp-idf-v4.4/components/esp_hw_support/include/soc/esp32 -IC:/Espressif/frameworks/esp-idf-v4.4/components/esp_hw_support/port/esp32/. -IC:/Espressif/frameworks/esp-idf-v4.4/components/heap/include -IC:/Espressif/frameworks/esp-idf-v4.4/components/log/include -IC:/Espressif/frameworks/esp-idf-v4.4/components/lwip/include/apps -IC:/Espressif/frameworks/esp-idf-v4.4/components/lwip/include/apps/sntp -IC:/Espressif/frameworks/esp-idf-v4.4/components/lwip/lwip/src/include -IC:/Espressif/frameworks/esp-idf-v4.4/components/lwip/port/esp32/include -IC:/Espressif/frameworks/esp-idf-v4.4/components/lwip/port/esp32/include/arch -IC:/Espressif/frameworks/esp-idf-v4.4/components/soc/include -IC:/Espressif/frameworks/esp-idf-v4.4/components/soc/esp32/. -IC:/Espressif/frameworks/esp-idf-v4.4/components/soc/esp32/include -IC:/Espressif/frameworks/esp-idf-v4.4/components/hal/esp32/include -IC:/Espressif/frameworks/esp-idf-v4.4/components/hal/include -IC:/Espressif/frameworks/esp-idf-v4.4/components/hal/platform_port/include -IC:/Espressif/frameworks/esp-idf-v4.4/components/esp_rom/include -IC:/Espressif/frameworks/esp-idf-v4.4/components/esp_rom/include/esp32 -IC:/Espressif/frameworks/esp-idf-v4.4/components/esp_rom/esp32 -IC:/Espressif/frameworks/esp-idf-v4.4/components/esp_common/include -IC:/Espressif/frameworks/esp-idf-v4.4/components/esp_system/include -IC:/Espressif/frameworks/esp-idf-v4.4/components/esp_system/port/soc -IC:/Espressif/frameworks/esp-idf-v4.4/components/esp_system/port/public_compat -IC:/Espressif/frameworks/esp-idf-v4.4/components/esp32/include -IC:/Espressif/frameworks/esp-idf-v4.4/components/xtensa/include -IC:/Espressif/frameworks/esp-idf-v4.4/components/xtensa/esp32/include -IC:/Espressif/frameworks/esp-idf-v4.4/components/driver/include -IC:/Espressif/frameworks/esp-idf-v4.4/components/driver/esp32/include -IC:/Espressif/frameworks/esp-idf-v4.4/components/esp_pm/include -IC:/Espressif/frameworks/esp-idf-v4.4/components/esp_ringbuf/include -IC:/Espressif/frameworks/esp-idf-v4.4/components/efuse/include -IC:/Espressif/frameworks/esp-idf-v4.4/components/efuse/esp32/include -IC:/Espressif/frameworks/esp-idf-v4.4/components/vfs/include -IC:/Espressif/frameworks/esp-idf-v4.4/components/esp_wifi/include -IC:/Espressif/frameworks/esp-idf-v4.4/components/esp_event/include -IC:/Espressif/frameworks/esp-idf-v4.4/components/esp_netif/include -IC:/Espressif/frameworks/esp-idf-v4.4/components/esp_eth/include -IC:/Espressif/frameworks/esp-idf-v4.4/components/tcpip_adapter/include -IC:/Espressif/frameworks/esp-idf-v4.4/components/esp_phy/include -IC:/Espressif/frameworks/esp-idf-v4.4/components/esp_phy/esp32/include -IC:/Espressif/frameworks/esp-idf-v4.4/components/esp_ipc/include -IC:/Espressif/frameworks/esp-idf-v4.4/components/app_trace/include -IC:/Espressif/frameworks/esp-idf-v4.4/components/esp_timer/include -IC:/Espressif/frameworks/esp-idf-v4.4/components/mbedtls/port/include -IC:/Espressif/frameworks/esp-idf-v4.4/components/mbedtls/mbedtls/include -IC:/Espressif/frameworks/esp-idf-v4.4/components/mbedtls/esp_crt_bundle/include -IC:/Espressif/frameworks/esp-idf-v4.4/components/app_update/include -IC:/Espressif/frameworks/esp-idf-v4.4/components/spi_flash/include -IC:/Espressif/frameworks/esp-idf-v4.4/components/bootloader_support/include -IC:/Espressif/frameworks/esp-idf-v4.4/components/nvs_flash/include -IC:/Espressif/frameworks/esp-idf-v4.4/components/pthread/include -IC:/Espressif/frameworks/esp-idf-v4.4/components/esp_gdbstub/include -IC:/Espressif/frameworks/esp-idf-v4.4/components/esp_gdbstub/xtensa -IC:/Espressif/frameworks/esp-idf-v4.4/components/esp_gdbstub/esp32 -IC:/Espressif/frameworks/esp-idf-v4.4/components/espcoredump/include -IC:/Espressif/frameworks/esp-idf-v4.4/components/espcoredump/include/port/xtensa -IC:/Espressif/frameworks/esp-idf-v4.4/components/wpa_supplicant/include -IC:/Espressif/frameworks/esp-idf-v4.4/components/wpa_supplicant/port/include -IC:/Espressif/frameworks/esp-idf-v4.4/components/wpa_supplicant/esp_supplicant/include -IC:/Espressif/frameworks/esp-idf-v4.4/components/ieee802154/include -IC:/Espressif/frameworks/esp-idf-v4.4/components/console -IC:/Espressif/frameworks/esp-idf-v4.4/components/asio/asio/asio/include -IC:/Espressif/frameworks/esp-idf-v4.4/components/asio/port/include -IC:/Espressif/frameworks/esp-idf-v4.4/components/cbor/port/include -IC:/Espressif/frameworks/esp-idf-v4.4/components/unity/include -IC:/Espressif/frameworks/esp-idf-v4.4/components/unity/unity/src -IC:/Espressif/frameworks/esp-idf-v4.4/components/cmock/CMock/src -IC:/Espressif/frameworks/esp-idf-v4.4/components/coap/port/include -IC:/Espressif/frameworks/esp-idf-v4.4/components/coap/libcoap/include -IC:/Espressif/frameworks/esp-idf-v4.4/components/nghttp/port/include -IC:/Espressif/frameworks/esp-idf-v4.4/components/nghttp/nghttp2/lib/includes -IC:/Espressif/frameworks/esp-idf-v4.4/components/esp-tls -IC:/Espressif/frameworks/esp-idf-v4.4/components/esp-tls/esp-tls-crypto -IC:/Espressif/frameworks/esp-idf-v4.4/components/esp_adc_cal/include -IC:/Espressif/frameworks/esp-idf-v4.4/components/esp_hid/include -IC:/Espressif/frameworks/esp-idf-v4.4/components/tcp_transport/include -IC:/Espressif/frameworks/esp-idf-v4.4/components/esp_http_client/include -IC:/Espressif/frameworks/esp-idf-v4.4/components/esp_http_server/include -IC:/Espressif/frameworks/esp-idf-v4.4/components/esp_https_ota/include -IC:/Espressif/frameworks/esp-idf-v4.4/components/esp_lcd/include -IC:/Espressif/frameworks/esp-idf-v4.4/components/esp_lcd/interface -IC:/Espressif/frameworks/esp-idf-v4.4/components/protobuf-c/protobuf-c -IC:/Espressif/frameworks/esp-idf-v4.4/components/protocomm/include/common -IC:/Espressif/frameworks/esp-idf-v4.4/components/protocomm/include/security -IC:/Espressif/frameworks/esp-idf-v4.4/components/protocomm/include/transports -IC:/Espressif/frameworks/esp-idf-v4.4/components/mdns/include -IC:/Espressif/frameworks/esp-idf-v4.4/components/esp_local_ctrl/include -IC:/Espressif/frameworks/esp-idf-v4.4/components/sdmmc/include -IC:/Espressif/frameworks/esp-idf-v4.4/components/esp_serial_slave_link/include -IC:/Espressif/frameworks/esp-idf-v4.4/components/esp_websocket_client/include -IC:/Espressif/frameworks/esp-idf-v4.4/components/expat/expat/expat/lib -IC:/Espressif/frameworks/esp-idf-v4.4/components/expat/port/include -IC:/Espressif/frameworks/esp-idf-v4.4/components/wear_levelling/include -IC:/Espressif/frameworks/esp-idf-v4.4/components/fatfs/diskio -IC:/Espressif/frameworks/esp-idf-v4.4/components/fatfs/vfs -IC:/Espressif/frameworks/esp-idf-v4.4/components/fatfs/src -IC:/Espressif/frameworks/esp-idf-v4.4/components/freemodbus/common/include -IC:/Espressif/frameworks/esp-idf-v4.4/components/idf_test/include -IC:/Espressif/frameworks/esp-idf-v4.4/components/idf_test/include/esp32 -IC:/Espressif/frameworks/esp-idf-v4.4/components/jsmn/include -IC:/Espressif/frameworks/esp-idf-v4.4/components/json/cJSON -IC:/Espressif/frameworks/esp-idf-v4.4/components/libsodium/libsodium/src/libsodium/include -IC:/Espressif/frameworks/esp-idf-v4.4/components/libsodium/port_include -IC:/Espressif/frameworks/esp-idf-v4.4/components/mqtt/esp-mqtt/include -IC:/Espressif/frameworks/esp-idf-v4.4/components/openssl/include -IC:/Espressif/frameworks/esp-idf-v4.4/components/perfmon/include -IC:/Espressif/frameworks/esp-idf-v4.4/components/spiffs/include -IC:/Espressif/frameworks/esp-idf-v4.4/components/ulp/include -IC:/Espressif/frameworks/esp-idf-v4.4/components/wifi_provisioning/include -I../components/arduino/variants/esp32 -I../components/arduino/cores/esp32 -I../components/arduino/libraries/ArduinoOTA/src -I../components/arduino/libraries/AsyncUDP/src -I../components/arduino/libraries/BLE/src -I../components/arduino/libraries/BluetoothSerial/src -I../components/arduino/libraries/DNSServer/src -I../components/arduino/libraries/EEPROM/src -I../components/arduino/libraries/ESP32/src -I../components/arduino/libraries/ESPmDNS/src -I../components/arduino/libraries/Ethernet/src -I../components/arduino/libraries/FFat/src -I../components/arduino/libraries/FS/src -I../components/arduino/libraries/HTTPClient/src -I../components/arduino/libraries/HTTPUpdate/src -I../components/arduino/libraries/LittleFS/src -I../components/arduino/libraries/I2S/src -I../components/arduino/libraries/NetBIOS/src -I../components/arduino/libraries/Preferences/src -I../components/arduino/libraries/RainMaker/src -I../components/arduino/libraries/SD_MMC/src -I../components/arduino/libraries/SD/src -I../components/arduino/libraries/SimpleBLE/src -I../components/arduino/libraries/SPIFFS/src -I../components/arduino/libraries/SPI/src -I../components/arduino/libraries/Ticker/src -I../components/arduino/libraries/Update/src -I../components/arduino/libraries/USB/src -I../components/arduino/libraries/WebServer/src -I../components/arduino/libraries/WiFiClientSecure/src -I../components/arduino/libraries/WiFi/src -I../components/arduino/libraries/WiFiProv/src -I../components/arduino/libraries/Wire/src -I../components/adafruit_busio -I../components/adafruit_as726x -I../components/adafruit_gfx_library -I../components/adafruit_pm25aqi -I../components/adafruit_sensor -I../components/adafruit_ssd1306 -I../components/adafruit_scd30 -I../components/adafruit_tsl2591 -mlongcalls -Wno-frame-address -ffunction-sections -fdata-sections -Wall -Werror=all -Wno-error=unused-function -Wno-error=unused-variable -Wno-error=deprecated-declarations -Wextra -Wno-unused-parameter -Wno-sign-compare -ggdb -Og -fmacro-prefix-map=D:/99.project_jaar_3_code/Firmware=. -fmacro-prefix-map=C:/Espressif/frameworks/esp-idf-v4.4=IDF -fstrict-volatile-bitfields -Wno-error=unused-but-set-variable -fno-jump-tables -fno-tree-switch-conversion -std=gnu++11 -fno-exceptions -fno-rtti -D_GNU_SOURCE -DIDF_VER=\"v4.4\" -DESP_PLATFORM -D_POSIX_READER_WRITER_LOCKS -DARDUINO=10812 -DARDUINO_ESP32_DEV -DARDUINO_ARCH_ESP32 -DARDUINO_BOARD=\"ESP32_DEV\" -DARDUINO_VARIANT=\"esp32\" -DESP32 -MD -MT esp-idf/main/CMakeFiles/__idf_main.dir/app/sdcard/file.cpp.obj -MF esp-idf\main\CMakeFiles\__idf_main.dir\app\sdcard\file.cpp.obj.d -o esp-idf/main/CMakeFiles/__idf_main.dir/app/sdcard/file.cpp.obj -c ../main/app/sdcard/file.cpp
In file included from ../main/app/sdcard/file.cpp:1:
../main/app/sdcard/file.hpp:14:10: error: 'string' in namespace 'std' does not name a type
     std::string mRead();
          ^~~~~~
../main/app/sdcard/file.hpp:14:5: note: 'std::string' is defined in header '<string>'; did you forget to '#include <string>'?
../main/app/sdcard/file.hpp:1:1:
+#include <string>
 #pragma once
../main/app/sdcard/file.hpp:14:5:
     std::string mRead();
     ^~~
../main/app/sdcard/file.hpp:15:22: error: 'std::string' has not been declared
     void mWrite(std::string aText);
                      ^~~~~~
../main/app/sdcard/file.hpp:16:23: error: 'std::string' has not been declared
     void mAppend(std::string aText);
                       ^~~~~~
../main/app/sdcard/file.hpp:17:22: error: expected ')' before 'aPath'
     CFile(std::string aPath);
          ~           ^~~~~~
                      )
../main/app/sdcard/file.hpp:18:10: error: 'string' in namespace 'std' does not name a type
     std::string mPath;
          ^~~~~~
../main/app/sdcard/file.hpp:18:5: note: 'std::string' is defined in header '<string>'; did you forget to '#include <string>'?
     std::string mPath;
     ^~~
../main/app/sdcard/file.hpp:24:5: error: 'FILE' does not name a type
     FILE * m_Ptr;
     ^~~~
../main/app/sdcard/file.hpp:24:5: note: 'FILE' is defined in header '<cstdio>'; did you forget to '#include <cstdio>'?
../main/app/sdcard/file.hpp:1:1:
+#include <cstdio>
 #pragma once
../main/app/sdcard/file.hpp:24:5:
     FILE * m_Ptr;
     ^~~~
../main/app/sdcard/file.hpp:26:1: error: multiple types in one declaration
 };
 ^
../main/app/sdcard/file.cpp:17:1: error: no declaration matches 'CFile::CFile(std::__cxx11::string)'
 CFile::CFile(std::string aPath) {
 ^~~~~
In file included from ../main/app/sdcard/file.cpp:1:
../main/app/sdcard/file.hpp:9:7: note: candidates are: 'constexpr CFile::CFile(CFile&&)'
 class CFile {
       ^~~~~
../main/app/sdcard/file.hpp:9:7: note:                 'constexpr CFile::CFile(const CFile&)'
../main/app/sdcard/file.hpp:9:7: note:                 'CFile::CFile()'
../main/app/sdcard/file.hpp:9:7: note: 'class CFile' defined here
../main/app/sdcard/file.cpp: In member function 'void CFile::mOpen(FileMode)':
../main/app/sdcard/file.cpp:22:9: error: 'pFile' was not declared in this scope
     if (pFile != NULL){ // wanneer bestaat
         ^~~~~
../main/app/sdcard/file.cpp:22:9: note: suggested alternative: 'CFile'
     if (pFile != NULL){ // wanneer bestaat
         ^~~~~
         CFile
../main/app/sdcard/file.cpp:25:9: error: 'm_Ptr' was not declared in this scope
         m_Ptr = fopen(mPath, FileModes[aMode])
         ^~~~~
../main/app/sdcard/file.cpp:25:23: error: 'mPath' was not declared in this scope
         m_Ptr = fopen(mPath, FileModes[aMode])
                       ^~~~~
../main/app/sdcard/file.cpp:30:5: error: 'm_Ptr' was not declared in this scope
     m_Ptr = fopen(mPath, FileModes[aMode]);
     ^~~~~
../main/app/sdcard/file.cpp:30:19: error: 'mPath' was not declared in this scope
     m_Ptr = fopen(mPath, FileModes[aMode]);
                   ^~~~~
../main/app/sdcard/file.cpp: In member function 'void CFile::mClose()':
../main/app/sdcard/file.cpp:35:12: error: 'mPath' was not declared in this scope
     fclose(mPath);
            ^~~~~
../main/app/sdcard/file.cpp:36:5: error: 'm_Ptr' was not declared in this scope
     m_Ptr = NULL;
     ^~~~~
../main/app/sdcard/file.cpp: In member function 'bool CFile::mIsOpen()':
../main/app/sdcard/file.cpp:40:9: error: 'm_Ptr' was not declared in this scope
     if (m_Ptr != NULL){
         ^~~~~
../main/app/sdcard/file.cpp: In member function 'void CFile::mClear()':
../main/app/sdcard/file.cpp:49:9: error: 'm_Ptr' was not declared in this scope
     if (m_Ptr.mIsOpen()){
         ^~~~~
../main/app/sdcard/file.cpp:52:5: error: 'm_Ptr' was not declared in this scope
     m_Ptr = mOpen(Write); // clears entire file
     ^~~~~
../main/app/sdcard/file.cpp: At global scope:
../main/app/sdcard/file.cpp:56:13: error: no declaration matches 'std::__cxx11::string CFile::mRead()'
 std::string CFile::mRead(){
             ^~~~~
../main/app/sdcard/file.cpp:56:13: note: no functions named 'std::__cxx11::string CFile::mRead()'
In file included from ../main/app/sdcard/file.cpp:1:
../main/app/sdcard/file.hpp:9:7: note: 'class CFile' defined here
 class CFile {
       ^~~~~
../main/app/sdcard/file.cpp:64:6: error: no declaration matches 'void CFile::mWrite(std::__cxx11::string)'
 void CFile::mWrite(std::string aText){
      ^~~~~
In file included from ../main/app/sdcard/file.cpp:1:
../main/app/sdcard/file.hpp:15:10: note: candidate is: 'void CFile::mWrite(int)'
     void mWrite(std::string aText);
          ^~~~~~
../main/app/sdcard/file.hpp:9:7: note: 'class CFile' defined here
 class CFile {
       ^~~~~
../main/app/sdcard/file.cpp:69:6: error: no declaration matches 'void CFile::mAppend(std::__cxx11::string)'
 void CFile::mAppend(std::string aText){
      ^~~~~
In file included from ../main/app/sdcard/file.cpp:1:
../main/app/sdcard/file.hpp:16:10: note: candidate is: 'void CFile::mAppend(int)'
     void mAppend(std::string aText);
          ^~~~~~~
../main/app/sdcard/file.hpp:9:7: note: 'class CFile' defined here
 class CFile {
       ^~~~~
../main/app/sdcard/file.cpp: In member function 'bool CFile::mIsOpen()':
../main/app/sdcard/file.cpp:46:1: error: control reaches end of non-void function [-Werror=return-type]
 }
 ^
cc1plus.exe: some warnings being treated as errors
[4/11] Building CXX object esp-idf/main/CMakeFiles/__idf_main.dir/app/sdcard/sd.cpp.obj
FAILED: esp-idf/main/CMakeFiles/__idf_main.dir/app/sdcard/sd.cpp.obj 
ccache C:\Espressif\tools\xtensa-esp32-elf\esp-2021r2-patch2-8.4.0\xtensa-esp32-elf\bin\xtensa-esp32-elf-g++.exe -DHAVE_CONFIG_H -DMBEDTLS_CONFIG_FILE=\"mbedtls/esp_config.h\" -DUNITY_INCLUDE_CONFIG_H -DWITH_POSIX -Iconfig -I../main/app -I../main/app/sensors -I../main/app/sensors/impl -I../main/app/Wifi -I../main/app/sdcard -IC:/Espressif/frameworks/esp-idf-v4.4/components/newlib/platform_include -IC:/Espressif/frameworks/esp-idf-v4.4/components/freertos/include -IC:/Espressif/frameworks/esp-idf-v4.4/components/freertos/include/esp_additions/freertos -IC:/Espressif/frameworks/esp-idf-v4.4/components/freertos/port/xtensa/include -IC:/Espressif/frameworks/esp-idf-v4.4/components/freertos/include/esp_additions -IC:/Espressif/frameworks/esp-idf-v4.4/components/esp_hw_support/include -IC:/Espressif/frameworks/esp-idf-v4.4/components/esp_hw_support/include/soc -IC:/Espressif/frameworks/esp-idf-v4.4/components/esp_hw_support/include/soc/esp32 -IC:/Espressif/frameworks/esp-idf-v4.4/components/esp_hw_support/port/esp32/. -IC:/Espressif/frameworks/esp-idf-v4.4/components/heap/include -IC:/Espressif/frameworks/esp-idf-v4.4/components/log/include -IC:/Espressif/frameworks/esp-idf-v4.4/components/lwip/include/apps -IC:/Espressif/frameworks/esp-idf-v4.4/components/lwip/include/apps/sntp -IC:/Espressif/frameworks/esp-idf-v4.4/components/lwip/lwip/src/include -IC:/Espressif/frameworks/esp-idf-v4.4/components/lwip/port/esp32/include -IC:/Espressif/frameworks/esp-idf-v4.4/components/lwip/port/esp32/include/arch -IC:/Espressif/frameworks/esp-idf-v4.4/components/soc/include -IC:/Espressif/frameworks/esp-idf-v4.4/components/soc/esp32/. -IC:/Espressif/frameworks/esp-idf-v4.4/components/soc/esp32/include -IC:/Espressif/frameworks/esp-idf-v4.4/components/hal/esp32/include -IC:/Espressif/frameworks/esp-idf-v4.4/components/hal/include -IC:/Espressif/frameworks/esp-idf-v4.4/components/hal/platform_port/include -IC:/Espressif/frameworks/esp-idf-v4.4/components/esp_rom/include -IC:/Espressif/frameworks/esp-idf-v4.4/components/esp_rom/include/esp32 -IC:/Espressif/frameworks/esp-idf-v4.4/components/esp_rom/esp32 -IC:/Espressif/frameworks/esp-idf-v4.4/components/esp_common/include -IC:/Espressif/frameworks/esp-idf-v4.4/components/esp_system/include -IC:/Espressif/frameworks/esp-idf-v4.4/components/esp_system/port/soc -IC:/Espressif/frameworks/esp-idf-v4.4/components/esp_system/port/public_compat -IC:/Espressif/frameworks/esp-idf-v4.4/components/esp32/include -IC:/Espressif/frameworks/esp-idf-v4.4/components/xtensa/include -IC:/Espressif/frameworks/esp-idf-v4.4/components/xtensa/esp32/include -IC:/Espressif/frameworks/esp-idf-v4.4/components/driver/include -IC:/Espressif/frameworks/esp-idf-v4.4/components/driver/esp32/include -IC:/Espressif/frameworks/esp-idf-v4.4/components/esp_pm/include -IC:/Espressif/frameworks/esp-idf-v4.4/components/esp_ringbuf/include -IC:/Espressif/frameworks/esp-idf-v4.4/components/efuse/include -IC:/Espressif/frameworks/esp-idf-v4.4/components/efuse/esp32/include -IC:/Espressif/frameworks/esp-idf-v4.4/components/vfs/include -IC:/Espressif/frameworks/esp-idf-v4.4/components/esp_wifi/include -IC:/Espressif/frameworks/esp-idf-v4.4/components/esp_event/include -IC:/Espressif/frameworks/esp-idf-v4.4/components/esp_netif/include -IC:/Espressif/frameworks/esp-idf-v4.4/components/esp_eth/include -IC:/Espressif/frameworks/esp-idf-v4.4/components/tcpip_adapter/include -IC:/Espressif/frameworks/esp-idf-v4.4/components/esp_phy/include -IC:/Espressif/frameworks/esp-idf-v4.4/components/esp_phy/esp32/include -IC:/Espressif/frameworks/esp-idf-v4.4/components/esp_ipc/include -IC:/Espressif/frameworks/esp-idf-v4.4/components/app_trace/include -IC:/Espressif/frameworks/esp-idf-v4.4/components/esp_timer/include -IC:/Espressif/frameworks/esp-idf-v4.4/components/mbedtls/port/include -IC:/Espressif/frameworks/esp-idf-v4.4/components/mbedtls/mbedtls/include -IC:/Espressif/frameworks/esp-idf-v4.4/components/mbedtls/esp_crt_bundle/include -IC:/Espressif/frameworks/esp-idf-v4.4/components/app_update/include -IC:/Espressif/frameworks/esp-idf-v4.4/components/spi_flash/include -IC:/Espressif/frameworks/esp-idf-v4.4/components/bootloader_support/include -IC:/Espressif/frameworks/esp-idf-v4.4/components/nvs_flash/include -IC:/Espressif/frameworks/esp-idf-v4.4/components/pthread/include -IC:/Espressif/frameworks/esp-idf-v4.4/components/esp_gdbstub/include -IC:/Espressif/frameworks/esp-idf-v4.4/components/esp_gdbstub/xtensa -IC:/Espressif/frameworks/esp-idf-v4.4/components/esp_gdbstub/esp32 -IC:/Espressif/frameworks/esp-idf-v4.4/components/espcoredump/include -IC:/Espressif/frameworks/esp-idf-v4.4/components/espcoredump/include/port/xtensa -IC:/Espressif/frameworks/esp-idf-v4.4/components/wpa_supplicant/include -IC:/Espressif/frameworks/esp-idf-v4.4/components/wpa_supplicant/port/include -IC:/Espressif/frameworks/esp-idf-v4.4/components/wpa_supplicant/esp_supplicant/include -IC:/Espressif/frameworks/esp-idf-v4.4/components/ieee802154/include -IC:/Espressif/frameworks/esp-idf-v4.4/components/console -IC:/Espressif/frameworks/esp-idf-v4.4/components/asio/asio/asio/include -IC:/Espressif/frameworks/esp-idf-v4.4/components/asio/port/include -IC:/Espressif/frameworks/esp-idf-v4.4/components/cbor/port/include -IC:/Espressif/frameworks/esp-idf-v4.4/components/unity/include -IC:/Espressif/frameworks/esp-idf-v4.4/components/unity/unity/src -IC:/Espressif/frameworks/esp-idf-v4.4/components/cmock/CMock/src -IC:/Espressif/frameworks/esp-idf-v4.4/components/coap/port/include -IC:/Espressif/frameworks/esp-idf-v4.4/components/coap/libcoap/include -IC:/Espressif/frameworks/esp-idf-v4.4/components/nghttp/port/include -IC:/Espressif/frameworks/esp-idf-v4.4/components/nghttp/nghttp2/lib/includes -IC:/Espressif/frameworks/esp-idf-v4.4/components/esp-tls -IC:/Espressif/frameworks/esp-idf-v4.4/components/esp-tls/esp-tls-crypto -IC:/Espressif/frameworks/esp-idf-v4.4/components/esp_adc_cal/include -IC:/Espressif/frameworks/esp-idf-v4.4/components/esp_hid/include -IC:/Espressif/frameworks/esp-idf-v4.4/components/tcp_transport/include -IC:/Espressif/frameworks/esp-idf-v4.4/components/esp_http_client/include -IC:/Espressif/frameworks/esp-idf-v4.4/components/esp_http_server/include -IC:/Espressif/frameworks/esp-idf-v4.4/components/esp_https_ota/include -IC:/Espressif/frameworks/esp-idf-v4.4/components/esp_lcd/include -IC:/Espressif/frameworks/esp-idf-v4.4/components/esp_lcd/interface -IC:/Espressif/frameworks/esp-idf-v4.4/components/protobuf-c/protobuf-c -IC:/Espressif/frameworks/esp-idf-v4.4/components/protocomm/include/common -IC:/Espressif/frameworks/esp-idf-v4.4/components/protocomm/include/security -IC:/Espressif/frameworks/esp-idf-v4.4/components/protocomm/include/transports -IC:/Espressif/frameworks/esp-idf-v4.4/components/mdns/include -IC:/Espressif/frameworks/esp-idf-v4.4/components/esp_local_ctrl/include -IC:/Espressif/frameworks/esp-idf-v4.4/components/sdmmc/include -IC:/Espressif/frameworks/esp-idf-v4.4/components/esp_serial_slave_link/include -IC:/Espressif/frameworks/esp-idf-v4.4/components/esp_websocket_client/include -IC:/Espressif/frameworks/esp-idf-v4.4/components/expat/expat/expat/lib -IC:/Espressif/frameworks/esp-idf-v4.4/components/expat/port/include -IC:/Espressif/frameworks/esp-idf-v4.4/components/wear_levelling/include -IC:/Espressif/frameworks/esp-idf-v4.4/components/fatfs/diskio -IC:/Espressif/frameworks/esp-idf-v4.4/components/fatfs/vfs -IC:/Espressif/frameworks/esp-idf-v4.4/components/fatfs/src -IC:/Espressif/frameworks/esp-idf-v4.4/components/freemodbus/common/include -IC:/Espressif/frameworks/esp-idf-v4.4/components/idf_test/include -IC:/Espressif/frameworks/esp-idf-v4.4/components/idf_test/include/esp32 -IC:/Espressif/frameworks/esp-idf-v4.4/components/jsmn/include -IC:/Espressif/frameworks/esp-idf-v4.4/components/json/cJSON -IC:/Espressif/frameworks/esp-idf-v4.4/components/libsodium/libsodium/src/libsodium/include -IC:/Espressif/frameworks/esp-idf-v4.4/components/libsodium/port_include -IC:/Espressif/frameworks/esp-idf-v4.4/components/mqtt/esp-mqtt/include -IC:/Espressif/frameworks/esp-idf-v4.4/components/openssl/include -IC:/Espressif/frameworks/esp-idf-v4.4/components/perfmon/include -IC:/Espressif/frameworks/esp-idf-v4.4/components/spiffs/include -IC:/Espressif/frameworks/esp-idf-v4.4/components/ulp/include -IC:/Espressif/frameworks/esp-idf-v4.4/components/wifi_provisioning/include -I../components/arduino/variants/esp32 -I../components/arduino/cores/esp32 -I../components/arduino/libraries/ArduinoOTA/src -I../components/arduino/libraries/AsyncUDP/src -I../components/arduino/libraries/BLE/src -I../components/arduino/libraries/BluetoothSerial/src -I../components/arduino/libraries/DNSServer/src -I../components/arduino/libraries/EEPROM/src -I../components/arduino/libraries/ESP32/src -I../components/arduino/libraries/ESPmDNS/src -I../components/arduino/libraries/Ethernet/src -I../components/arduino/libraries/FFat/src -I../components/arduino/libraries/FS/src -I../components/arduino/libraries/HTTPClient/src -I../components/arduino/libraries/HTTPUpdate/src -I../components/arduino/libraries/LittleFS/src -I../components/arduino/libraries/I2S/src -I../components/arduino/libraries/NetBIOS/src -I../components/arduino/libraries/Preferences/src -I../components/arduino/libraries/RainMaker/src -I../components/arduino/libraries/SD_MMC/src -I../components/arduino/libraries/SD/src -I../components/arduino/libraries/SimpleBLE/src -I../components/arduino/libraries/SPIFFS/src -I../components/arduino/libraries/SPI/src -I../components/arduino/libraries/Ticker/src -I../components/arduino/libraries/Update/src -I../components/arduino/libraries/USB/src -I../components/arduino/libraries/WebServer/src -I../components/arduino/libraries/WiFiClientSecure/src -I../components/arduino/libraries/WiFi/src -I../components/arduino/libraries/WiFiProv/src -I../components/arduino/libraries/Wire/src -I../components/adafruit_busio -I../components/adafruit_as726x -I../components/adafruit_gfx_library -I../components/adafruit_pm25aqi -I../components/adafruit_sensor -I../components/adafruit_ssd1306 -I../components/adafruit_scd30 -I../components/adafruit_tsl2591 -mlongcalls -Wno-frame-address -ffunction-sections -fdata-sections -Wall -Werror=all -Wno-error=unused-function -Wno-error=unused-variable -Wno-error=deprecated-declarations -Wextra -Wno-unused-parameter -Wno-sign-compare -ggdb -Og -fmacro-prefix-map=D:/99.project_jaar_3_code/Firmware=. -fmacro-prefix-map=C:/Espressif/frameworks/esp-idf-v4.4=IDF -fstrict-volatile-bitfields -Wno-error=unused-but-set-variable -fno-jump-tables -fno-tree-switch-conversion -std=gnu++11 -fno-exceptions -fno-rtti -D_GNU_SOURCE -DIDF_VER=\"v4.4\" -DESP_PLATFORM -D_POSIX_READER_WRITER_LOCKS -DARDUINO=10812 -DARDUINO_ESP32_DEV -DARDUINO_ARCH_ESP32 -DARDUINO_BOARD=\"ESP32_DEV\" -DARDUINO_VARIANT=\"esp32\" -DESP32 -MD -MT esp-idf/main/CMakeFiles/__idf_main.dir/app/sdcard/sd.cpp.obj -MF esp-idf\main\CMakeFiles\__idf_main.dir\app\sdcard\sd.cpp.obj.d -o esp-idf/main/CMakeFiles/__idf_main.dir/app/sdcard/sd.cpp.obj -c ../main/app/sdcard/sd.cpp
In file included from ../main/app/sdcard/sd.cpp:1:
../main/app/sdcard/sd.hpp:20:9: error: 'CFile' does not name a type
         CFile::CFile mGetFile(std::string aPath);
         ^~~~~
In file included from ../main/app/sdcard/sd.cpp:2:
../main/app/sdcard/file.hpp:14:10: error: 'string' in namespace 'std' does not name a type
     std::string mRead();
          ^~~~~~
../main/app/sdcard/file.hpp:14:5: note: 'std::string' is defined in header '<string>'; did you forget to '#include <string>'?
../main/app/sdcard/file.hpp:1:1:
+#include <string>
 #pragma once
../main/app/sdcard/file.hpp:14:5:
     std::string mRead();
     ^~~
../main/app/sdcard/file.hpp:15:22: error: 'std::string' has not been declared
     void mWrite(std::string aText);
                      ^~~~~~
../main/app/sdcard/file.hpp:16:23: error: 'std::string' has not been declared
     void mAppend(std::string aText);
                       ^~~~~~
../main/app/sdcard/file.hpp:17:22: error: expected ')' before 'aPath'
     CFile(std::string aPath);
          ~           ^~~~~~
                      )
../main/app/sdcard/file.hpp:18:10: error: 'string' in namespace 'std' does not name a type
     std::string mPath;
          ^~~~~~
../main/app/sdcard/file.hpp:18:5: note: 'std::string' is defined in header '<string>'; did you forget to '#include <string>'?
     std::string mPath;
     ^~~
../main/app/sdcard/file.hpp:26:1: error: multiple types in one declaration
 };
 ^
../main/app/sdcard/sd.cpp:21:1: error: 'File' does not name a type; did you mean 'CFile'?
 File::File CSD::mGetFile(std::string aPath){
 ^~~~
 CFile
../main/app/sdcard/sd.cpp: In member function 'esp_err_t CSD::mInit()':
../main/app/sdcard/sd.cpp:47:5: warning: missing initializer for member 'spi_bus_config_t::data4_io_num' [-Wmissing-field-initializers]
     };
     ^
../main/app/sdcard/sd.cpp:47:5: warning: missing initializer for member 'spi_bus_config_t::data5_io_num' [-Wmissing-field-initializers]
../main/app/sdcard/sd.cpp:47:5: warning: missing initializer for member 'spi_bus_config_t::data6_io_num' [-Wmissing-field-initializers]
../main/app/sdcard/sd.cpp:47:5: warning: missing initializer for member 'spi_bus_config_t::data7_io_num' [-Wmissing-field-initializers]
../main/app/sdcard/sd.cpp:47:5: warning: missing initializer for member 'spi_bus_config_t::flags' [-Wmissing-field-initializers]
../main/app/sdcard/sd.cpp:47:5: warning: missing initializer for member 'spi_bus_config_t::intr_flags' [-Wmissing-field-initializers]
[5/11] Building CXX object esp-idf/main/CMakeFiles/__idf_main.dir/app/app.cpp.obj
FAILED: esp-idf/main/CMakeFiles/__idf_main.dir/app/app.cpp.obj 
ccache C:\Espressif\tools\xtensa-esp32-elf\esp-2021r2-patch2-8.4.0\xtensa-esp32-elf\bin\xtensa-esp32-elf-g++.exe -DHAVE_CONFIG_H -DMBEDTLS_CONFIG_FILE=\"mbedtls/esp_config.h\" -DUNITY_INCLUDE_CONFIG_H -DWITH_POSIX -Iconfig -I../main/app -I../main/app/sensors -I../main/app/sensors/impl -I../main/app/Wifi -I../main/app/sdcard -IC:/Espressif/frameworks/esp-idf-v4.4/components/newlib/platform_include -IC:/Espressif/frameworks/esp-idf-v4.4/components/freertos/include -IC:/Espressif/frameworks/esp-idf-v4.4/components/freertos/include/esp_additions/freertos -IC:/Espressif/frameworks/esp-idf-v4.4/components/freertos/port/xtensa/include -IC:/Espressif/frameworks/esp-idf-v4.4/components/freertos/include/esp_additions -IC:/Espressif/frameworks/esp-idf-v4.4/components/esp_hw_support/include -IC:/Espressif/frameworks/esp-idf-v4.4/components/esp_hw_support/include/soc -IC:/Espressif/frameworks/esp-idf-v4.4/components/esp_hw_support/include/soc/esp32 -IC:/Espressif/frameworks/esp-idf-v4.4/components/esp_hw_support/port/esp32/. -IC:/Espressif/frameworks/esp-idf-v4.4/components/heap/include -IC:/Espressif/frameworks/esp-idf-v4.4/components/log/include -IC:/Espressif/frameworks/esp-idf-v4.4/components/lwip/include/apps -IC:/Espressif/frameworks/esp-idf-v4.4/components/lwip/include/apps/sntp -IC:/Espressif/frameworks/esp-idf-v4.4/components/lwip/lwip/src/include -IC:/Espressif/frameworks/esp-idf-v4.4/components/lwip/port/esp32/include -IC:/Espressif/frameworks/esp-idf-v4.4/components/lwip/port/esp32/include/arch -IC:/Espressif/frameworks/esp-idf-v4.4/components/soc/include -IC:/Espressif/frameworks/esp-idf-v4.4/components/soc/esp32/. -IC:/Espressif/frameworks/esp-idf-v4.4/components/soc/esp32/include -IC:/Espressif/frameworks/esp-idf-v4.4/components/hal/esp32/include -IC:/Espressif/frameworks/esp-idf-v4.4/components/hal/include -IC:/Espressif/frameworks/esp-idf-v4.4/components/hal/platform_port/include -IC:/Espressif/frameworks/esp-idf-v4.4/components/esp_rom/include -IC:/Espressif/frameworks/esp-idf-v4.4/components/esp_rom/include/esp32 -IC:/Espressif/frameworks/esp-idf-v4.4/components/esp_rom/esp32 -IC:/Espressif/frameworks/esp-idf-v4.4/components/esp_common/include -IC:/Espressif/frameworks/esp-idf-v4.4/components/esp_system/include -IC:/Espressif/frameworks/esp-idf-v4.4/components/esp_system/port/soc -IC:/Espressif/frameworks/esp-idf-v4.4/components/esp_system/port/public_compat -IC:/Espressif/frameworks/esp-idf-v4.4/components/esp32/include -IC:/Espressif/frameworks/esp-idf-v4.4/components/xtensa/include -IC:/Espressif/frameworks/esp-idf-v4.4/components/xtensa/esp32/include -IC:/Espressif/frameworks/esp-idf-v4.4/components/driver/include -IC:/Espressif/frameworks/esp-idf-v4.4/components/driver/esp32/include -IC:/Espressif/frameworks/esp-idf-v4.4/components/esp_pm/include -IC:/Espressif/frameworks/esp-idf-v4.4/components/esp_ringbuf/include -IC:/Espressif/frameworks/esp-idf-v4.4/components/efuse/include -IC:/Espressif/frameworks/esp-idf-v4.4/components/efuse/esp32/include -IC:/Espressif/frameworks/esp-idf-v4.4/components/vfs/include -IC:/Espressif/frameworks/esp-idf-v4.4/components/esp_wifi/include -IC:/Espressif/frameworks/esp-idf-v4.4/components/esp_event/include -IC:/Espressif/frameworks/esp-idf-v4.4/components/esp_netif/include -IC:/Espressif/frameworks/esp-idf-v4.4/components/esp_eth/include -IC:/Espressif/frameworks/esp-idf-v4.4/components/tcpip_adapter/include -IC:/Espressif/frameworks/esp-idf-v4.4/components/esp_phy/include -IC:/Espressif/frameworks/esp-idf-v4.4/components/esp_phy/esp32/include -IC:/Espressif/frameworks/esp-idf-v4.4/components/esp_ipc/include -IC:/Espressif/frameworks/esp-idf-v4.4/components/app_trace/include -IC:/Espressif/frameworks/esp-idf-v4.4/components/esp_timer/include -IC:/Espressif/frameworks/esp-idf-v4.4/components/mbedtls/port/include -IC:/Espressif/frameworks/esp-idf-v4.4/components/mbedtls/mbedtls/include -IC:/Espressif/frameworks/esp-idf-v4.4/components/mbedtls/esp_crt_bundle/include -IC:/Espressif/frameworks/esp-idf-v4.4/components/app_update/include -IC:/Espressif/frameworks/esp-idf-v4.4/components/spi_flash/include -IC:/Espressif/frameworks/esp-idf-v4.4/components/bootloader_support/include -IC:/Espressif/frameworks/esp-idf-v4.4/components/nvs_flash/include -IC:/Espressif/frameworks/esp-idf-v4.4/components/pthread/include -IC:/Espressif/frameworks/esp-idf-v4.4/components/esp_gdbstub/include -IC:/Espressif/frameworks/esp-idf-v4.4/components/esp_gdbstub/xtensa -IC:/Espressif/frameworks/esp-idf-v4.4/components/esp_gdbstub/esp32 -IC:/Espressif/frameworks/esp-idf-v4.4/components/espcoredump/include -IC:/Espressif/frameworks/esp-idf-v4.4/components/espcoredump/include/port/xtensa -IC:/Espressif/frameworks/esp-idf-v4.4/components/wpa_supplicant/include -IC:/Espressif/frameworks/esp-idf-v4.4/components/wpa_supplicant/port/include -IC:/Espressif/frameworks/esp-idf-v4.4/components/wpa_supplicant/esp_supplicant/include -IC:/Espressif/frameworks/esp-idf-v4.4/components/ieee802154/include -IC:/Espressif/frameworks/esp-idf-v4.4/components/console -IC:/Espressif/frameworks/esp-idf-v4.4/components/asio/asio/asio/include -IC:/Espressif/frameworks/esp-idf-v4.4/components/asio/port/include -IC:/Espressif/frameworks/esp-idf-v4.4/components/cbor/port/include -IC:/Espressif/frameworks/esp-idf-v4.4/components/unity/include -IC:/Espressif/frameworks/esp-idf-v4.4/components/unity/unity/src -IC:/Espressif/frameworks/esp-idf-v4.4/components/cmock/CMock/src -IC:/Espressif/frameworks/esp-idf-v4.4/components/coap/port/include -IC:/Espressif/frameworks/esp-idf-v4.4/components/coap/libcoap/include -IC:/Espressif/frameworks/esp-idf-v4.4/components/nghttp/port/include -IC:/Espressif/frameworks/esp-idf-v4.4/components/nghttp/nghttp2/lib/includes -IC:/Espressif/frameworks/esp-idf-v4.4/components/esp-tls -IC:/Espressif/frameworks/esp-idf-v4.4/components/esp-tls/esp-tls-crypto -IC:/Espressif/frameworks/esp-idf-v4.4/components/esp_adc_cal/include -IC:/Espressif/frameworks/esp-idf-v4.4/components/esp_hid/include -IC:/Espressif/frameworks/esp-idf-v4.4/components/tcp_transport/include -IC:/Espressif/frameworks/esp-idf-v4.4/components/esp_http_client/include -IC:/Espressif/frameworks/esp-idf-v4.4/components/esp_http_server/include -IC:/Espressif/frameworks/esp-idf-v4.4/components/esp_https_ota/include -IC:/Espressif/frameworks/esp-idf-v4.4/components/esp_lcd/include -IC:/Espressif/frameworks/esp-idf-v4.4/components/esp_lcd/interface -IC:/Espressif/frameworks/esp-idf-v4.4/components/protobuf-c/protobuf-c -IC:/Espressif/frameworks/esp-idf-v4.4/components/protocomm/include/common -IC:/Espressif/frameworks/esp-idf-v4.4/components/protocomm/include/security -IC:/Espressif/frameworks/esp-idf-v4.4/components/protocomm/include/transports -IC:/Espressif/frameworks/esp-idf-v4.4/components/mdns/include -IC:/Espressif/frameworks/esp-idf-v4.4/components/esp_local_ctrl/include -IC:/Espressif/frameworks/esp-idf-v4.4/components/sdmmc/include -IC:/Espressif/frameworks/esp-idf-v4.4/components/esp_serial_slave_link/include -IC:/Espressif/frameworks/esp-idf-v4.4/components/esp_websocket_client/include -IC:/Espressif/frameworks/esp-idf-v4.4/components/expat/expat/expat/lib -IC:/Espressif/frameworks/esp-idf-v4.4/components/expat/port/include -IC:/Espressif/frameworks/esp-idf-v4.4/components/wear_levelling/include -IC:/Espressif/frameworks/esp-idf-v4.4/components/fatfs/diskio -IC:/Espressif/frameworks/esp-idf-v4.4/components/fatfs/vfs -IC:/Espressif/frameworks/esp-idf-v4.4/components/fatfs/src -IC:/Espressif/frameworks/esp-idf-v4.4/components/freemodbus/common/include -IC:/Espressif/frameworks/esp-idf-v4.4/components/idf_test/include -IC:/Espressif/frameworks/esp-idf-v4.4/components/idf_test/include/esp32 -IC:/Espressif/frameworks/esp-idf-v4.4/components/jsmn/include -IC:/Espressif/frameworks/esp-idf-v4.4/components/json/cJSON -IC:/Espressif/frameworks/esp-idf-v4.4/components/libsodium/libsodium/src/libsodium/include -IC:/Espressif/frameworks/esp-idf-v4.4/components/libsodium/port_include -IC:/Espressif/frameworks/esp-idf-v4.4/components/mqtt/esp-mqtt/include -IC:/Espressif/frameworks/esp-idf-v4.4/components/openssl/include -IC:/Espressif/frameworks/esp-idf-v4.4/components/perfmon/include -IC:/Espressif/frameworks/esp-idf-v4.4/components/spiffs/include -IC:/Espressif/frameworks/esp-idf-v4.4/components/ulp/include -IC:/Espressif/frameworks/esp-idf-v4.4/components/wifi_provisioning/include -I../components/arduino/variants/esp32 -I../components/arduino/cores/esp32 -I../components/arduino/libraries/ArduinoOTA/src -I../components/arduino/libraries/AsyncUDP/src -I../components/arduino/libraries/BLE/src -I../components/arduino/libraries/BluetoothSerial/src -I../components/arduino/libraries/DNSServer/src -I../components/arduino/libraries/EEPROM/src -I../components/arduino/libraries/ESP32/src -I../components/arduino/libraries/ESPmDNS/src -I../components/arduino/libraries/Ethernet/src -I../components/arduino/libraries/FFat/src -I../components/arduino/libraries/FS/src -I../components/arduino/libraries/HTTPClient/src -I../components/arduino/libraries/HTTPUpdate/src -I../components/arduino/libraries/LittleFS/src -I../components/arduino/libraries/I2S/src -I../components/arduino/libraries/NetBIOS/src -I../components/arduino/libraries/Preferences/src -I../components/arduino/libraries/RainMaker/src -I../components/arduino/libraries/SD_MMC/src -I../components/arduino/libraries/SD/src -I../components/arduino/libraries/SimpleBLE/src -I../components/arduino/libraries/SPIFFS/src -I../components/arduino/libraries/SPI/src -I../components/arduino/libraries/Ticker/src -I../components/arduino/libraries/Update/src -I../components/arduino/libraries/USB/src -I../components/arduino/libraries/WebServer/src -I../components/arduino/libraries/WiFiClientSecure/src -I../components/arduino/libraries/WiFi/src -I../components/arduino/libraries/WiFiProv/src -I../components/arduino/libraries/Wire/src -I../components/adafruit_busio -I../components/adafruit_as726x -I../components/adafruit_gfx_library -I../components/adafruit_pm25aqi -I../components/adafruit_sensor -I../components/adafruit_ssd1306 -I../components/adafruit_scd30 -I../components/adafruit_tsl2591 -mlongcalls -Wno-frame-address -ffunction-sections -fdata-sections -Wall -Werror=all -Wno-error=unused-function -Wno-error=unused-variable -Wno-error=deprecated-declarations -Wextra -Wno-unused-parameter -Wno-sign-compare -ggdb -Og -fmacro-prefix-map=D:/99.project_jaar_3_code/Firmware=. -fmacro-prefix-map=C:/Espressif/frameworks/esp-idf-v4.4=IDF -fstrict-volatile-bitfields -Wno-error=unused-but-set-variable -fno-jump-tables -fno-tree-switch-conversion -std=gnu++11 -fno-exceptions -fno-rtti -D_GNU_SOURCE -DIDF_VER=\"v4.4\" -DESP_PLATFORM -D_POSIX_READER_WRITER_LOCKS -DARDUINO=10812 -DARDUINO_ESP32_DEV -DARDUINO_ARCH_ESP32 -DARDUINO_BOARD=\"ESP32_DEV\" -DARDUINO_VARIANT=\"esp32\" -DESP32 -MD -MT esp-idf/main/CMakeFiles/__idf_main.dir/app/app.cpp.obj -MF esp-idf\main\CMakeFiles\__idf_main.dir\app\app.cpp.obj.d -o esp-idf/main/CMakeFiles/__idf_main.dir/app/app.cpp.obj -c ../main/app/app.cpp
In file included from ../main/app/app.cpp:7:
../main/app/sdcard/file.hpp:26:1: error: multiple types in one declaration
 };
 ^
In file included from ../main/app/app.cpp:8:
../main/app/sdcard/sd.hpp:20:9: error: 'CFile::CFile' names the constructor, not the type
         CFile::CFile mGetFile(std::string aPath);
         ^~~~~
../main/app/app.cpp: In member function 'void App::init()':
../main/app/app.cpp:15:5: error: 'CFile::__ct ' names the constructor, not the type
     CFile::CFile testFile = File::File("/sdcard/sd_test.txt");
     ^~~~~
../main/app/app.cpp:15:17: error: expected ';' before 'testFile'
     CFile::CFile testFile = File::File("/sdcard/sd_test.txt");
                 ^~~~~~~~~
                 ;
../main/app/app.cpp:15:62: error: statement cannot resolve address of overloaded function
     CFile::CFile testFile = File::File("/sdcard/sd_test.txt");
                                                              ^
../main/app/app.cpp:26:38: error: exception handling disabled, use -fexceptions to enable
     catch (const std::runtime_error &e) {
                                      ^
../main/app/app.cpp:27:60: error: 'e' was not declared in this scope
         std::printf("Error thrown while initing wifi: %s", e.what());
                                                            ^
../main/app/app.cpp:34:12: error: 'class CSD' has no member named 'mGetFile'
         SD.mGetFile("/sdcard/sd_test.txt");
            ^~~~~~~~
../main/app/app.cpp:35:31: error: cannot call member function 'void CFile::mWrite(std::__cxx11::string)' without object
         CFile::mWrite("Banaan");
                               ^
../main/app/app.cpp: In member function 'void App::loop()':
../main/app/app.cpp:61:18: error: cannot call member function 'std::__cxx11::string CFile::mRead()' without object
     CFile::mRead();
                  ^
../main/app/app.cpp: In member function 'void App::start()':
../main/app/app.cpp:77:13: error: 'e' was not declared in this scope
             e.what()
             ^
ninja: build stopped: subcommand failed.
Executing action: all (aliases: build)
Running ninja in directory d:\99.project_jaar_3_code\firmware\build
Executing "ninja all"...
